Apr. 08, 2021 12:01:47 P.M. mru.tsc.controller.Logging setWarningMessage
WARNING: Application Started.
Apr. 08, 2021 12:01:48 P.M. mru.tsc.controller.Logging setInfoMessage
INFO: Setting GUI
Apr. 08, 2021 12:01:51 P.M. mru.tsc.controller.Logging setInfoMessage
INFO: GUI Set
Apr. 08, 2021 12:25:38 P.M. mru.tsc.controller.Logging setWarningMessage
WARNING: Application Started.
Apr. 08, 2021 12:25:38 P.M. mru.tsc.controller.Logging setInfoMessage
INFO: Setting GUI
Apr. 08, 2021 12:25:39 P.M. mru.tsc.controller.Logging setInfoMessage
INFO: GUI Set
Apr. 08, 2021 12:25:54 P.M. mru.tsc.controller.Logging setInfoMessage
INFO: Searching by Serial Number
Apr. 08, 2021 12:25:54 P.M. mru.tsc.controller.Logging setInfoMessage
INFO: Serial number search complete
Apr. 08, 2021 12:25:56 P.M. mru.tsc.controller.Logging setInfoMessage
INFO: Toy Removed
Apr. 08, 2021 12:26:22 P.M. mru.tsc.controller.Logging setInfoMessage
INFO: New figure added
Apr. 08, 2021 12:31:00 P.M. mru.tsc.controller.Logging setWarningMessage
WARNING: Application Started.
Apr. 08, 2021 12:31:00 P.M. mru.tsc.controller.Logging setInfoMessage
INFO: Setting GUI
Apr. 08, 2021 12:31:02 P.M. mru.tsc.controller.Logging setInfoMessage
INFO: GUI Set
Apr. 08, 2021 12:32:46 P.M. mru.tsc.controller.Logging setWarningMessage
WARNING: Application Started.
Apr. 08, 2021 12:32:46 P.M. mru.tsc.controller.Logging setInfoMessage
INFO: Setting GUI
Apr. 08, 2021 12:32:47 P.M. mru.tsc.controller.Logging setInfoMessage
INFO: GUI Set
Apr. 08, 2021 12:35:44 P.M. mru.tsc.controller.Logging setWarningMessage
WARNING: Application Started.
Apr. 08, 2021 12:35:44 P.M. mru.tsc.controller.Logging setInfoMessage
INFO: Setting GUI
Apr. 08, 2021 12:35:45 P.M. mru.tsc.controller.Logging setInfoMessage
INFO: GUI Set
Apr. 08, 2021 12:48:40 P.M. mru.tsc.controller.Logging setWarningMessage
WARNING: Application Started.
Apr. 08, 2021 12:48:40 P.M. mru.tsc.controller.Logging setInfoMessage
INFO: Setting GUI
Apr. 08, 2021 12:48:43 P.M. mru.tsc.controller.Logging setInfoMessage
INFO: GUI Set
Apr. 08, 2021 12:48:54 P.M. mru.tsc.controller.Logging setWarningMessage
WARNING: Application Started.
Apr. 08, 2021 12:48:54 P.M. mru.tsc.controller.Logging setInfoMessage
INFO: Setting GUI
Apr. 08, 2021 12:48:56 P.M. mru.tsc.controller.Logging setInfoMessage
INFO: GUI Set
Apr. 08, 2021 12:49:03 P.M. mru.tsc.controller.Logging setInfoMessage
INFO: Searching by name
Apr. 08, 2021 12:49:03 P.M. mru.tsc.controller.Logging setInfoMessage
INFO: Search by name complete
Apr. 08, 2021 12:49:09 P.M. mru.tsc.controller.Logging setInfoMessage
INFO: Searching by name
Apr. 08, 2021 12:49:09 P.M. mru.tsc.controller.Logging setInfoMessage
INFO: Search by name complete
Apr. 08, 2021 12:49:19 P.M. mru.tsc.controller.Logging setInfoMessage
INFO: Saving
Apr. 08, 2021 12:49:19 P.M. mru.tsc.controller.Logging setInfoMessage
INFO: Save Successful!
Apr. 08, 2021 12:56:49 P.M. mru.tsc.controller.Logging setWarningMessage
WARNING: Application Started.
Apr. 08, 2021 12:56:49 P.M. mru.tsc.controller.Logging setInfoMessage
INFO: Setting GUI
Apr. 08, 2021 12:56:50 P.M. mru.tsc.controller.Logging setInfoMessage
INFO: GUI Set
Apr. 08, 2021 1:00:26 P.M. mru.tsc.controller.Logging setWarningMessage
WARNING: Application Started.
Apr. 08, 2021 1:00:26 P.M. mru.tsc.controller.Logging setInfoMessage
INFO: Setting GUI
Apr. 08, 2021 1:00:28 P.M. mru.tsc.controller.Logging setInfoMessage
INFO: GUI Set
Apr. 08, 2021 1:07:15 P.M. mru.tsc.controller.Logging setWarningMessage
WARNING: Application Started.
Apr. 08, 2021 1:07:15 P.M. mru.tsc.controller.Logging setInfoMessage
INFO: Setting GUI
Apr. 08, 2021 1:07:16 P.M. mru.tsc.controller.Logging setInfoMessage
INFO: GUI Set
Apr. 08, 2021 1:07:28 P.M. mru.tsc.controller.Logging setInfoMessage
INFO: Searching by name
Apr. 08, 2021 1:07:28 P.M. mru.tsc.controller.Logging setInfoMessage
INFO: Search by name complete
Apr. 08, 2021 1:07:40 P.M. mru.tsc.controller.Logging setInfoMessage
INFO: Searching by type
Apr. 08, 2021 1:07:40 P.M. mru.tsc.controller.Logging setInfoMessage
INFO: Search by type complete
Apr. 08, 2021 1:09:57 P.M. mru.tsc.controller.Logging setWarningMessage
WARNING: Application Started.
Apr. 08, 2021 1:09:57 P.M. mru.tsc.controller.Logging setInfoMessage
INFO: Setting GUI
Apr. 08, 2021 1:10:00 P.M. mru.tsc.controller.Logging setInfoMessage
INFO: GUI Set
Apr. 08, 2021 1:10:55 P.M. mru.tsc.controller.Logging setWarningMessage
WARNING: Application Started.
Apr. 08, 2021 1:10:55 P.M. mru.tsc.controller.Logging setInfoMessage
INFO: Setting GUI
Apr. 08, 2021 1:10:57 P.M. mru.tsc.controller.Logging setInfoMessage
INFO: GUI Set
Apr. 08, 2021 1:11:35 P.M. mru.tsc.controller.Logging setWarningMessage
WARNING: Application Started.
Apr. 08, 2021 1:11:35 P.M. mru.tsc.controller.Logging setInfoMessage
INFO: Setting GUI
Apr. 08, 2021 1:11:37 P.M. mru.tsc.controller.Logging setInfoMessage
INFO: GUI Set
Apr. 08, 2021 1:11:59 P.M. mru.tsc.controller.Logging setWarningMessage
WARNING: Application Started.
Apr. 08, 2021 1:11:59 P.M. mru.tsc.controller.Logging setInfoMessage
INFO: Setting GUI
Apr. 08, 2021 1:12:01 P.M. mru.tsc.controller.Logging setInfoMessage
INFO: GUI Set
Apr. 08, 2021 1:12:33 P.M. mru.tsc.controller.Logging setInfoMessage
INFO: Searching by name
Apr. 08, 2021 1:12:33 P.M. mru.tsc.controller.Logging setInfoMessage
INFO: Search by name complete
Apr. 08, 2021 2:24:46 P.M. mru.tsc.controller.Logging setWarningMessage
WARNING: Application Started.
Apr. 08, 2021 2:24:46 P.M. mru.tsc.controller.Logging setInfoMessage
INFO: Setting GUI
Apr. 08, 2021 2:24:47 P.M. mru.tsc.controller.Logging setInfoMessage
INFO: GUI Set
Apr. 08, 2021 3:00:52 P.M. mru.tsc.controller.Logging setWarningMessage
WARNING: Application Started.
Apr. 08, 2021 3:00:53 P.M. mru.tsc.controller.Logging setInfoMessage
INFO: Setting GUI
Apr. 08, 2021 3:00:54 P.M. mru.tsc.controller.Logging setInfoMessage
INFO: GUI Set
Apr. 08, 2021 3:03:34 P.M. mru.tsc.controller.Logging setInfoMessage
INFO: Saving
Apr. 08, 2021 3:03:34 P.M. mru.tsc.controller.Logging setInfoMessage
INFO: Save Successful!
Apr. 08, 2021 3:03:40 P.M. mru.tsc.controller.Logging setWarningMessage
WARNING: Application Started.
Apr. 08, 2021 3:03:40 P.M. mru.tsc.controller.Logging setInfoMessage
INFO: Setting GUI
Apr. 08, 2021 3:03:42 P.M. mru.tsc.controller.Logging setInfoMessage
INFO: GUI Set
Apr. 08, 2021 3:04:28 P.M. mru.tsc.controller.Logging setWarningMessage
WARNING: Application Started.
Apr. 08, 2021 3:04:28 P.M. mru.tsc.controller.Logging setInfoMessage
INFO: Setting GUI
Apr. 08, 2021 3:04:29 P.M. mru.tsc.controller.Logging setInfoMessage
INFO: GUI Set
